<?xml version="1.0" encoding="UTF-8"?>
<testng-results ignored="0" total="3" passed="3" failed="0" skipped="0">
  <reporter-output>
  </reporter-output>
  <suite started-at="2023-12-04T10:51:15 IST" name="Default suite" finished-at="2023-12-04T10:51:58 IST" duration-ms="42805">
    <groups>
      <group name="Food">
        <method signature="execution.Zomato()[pri:0, instance:basic.execution@368247b9]" name="Zomato" class="basic.execution"/>
        <method signature="execution.swiggy()[pri:0, instance:basic.execution@368247b9]" name="swiggy" class="basic.execution"/>
      </group> <!-- Food -->
    </groups>
    <test started-at="2023-12-04T10:51:15 IST" name="Default test" finished-at="2023-12-04T10:51:58 IST" duration-ms="42805">
      <class name="basic.execution">
        <test-method signature="Facebook()[pri:0, instance:basic.execution@368247b9]" started-at="2023-12-04T10:51:15 IST" name="Facebook" finished-at="2023-12-04T10:51:50 IST" duration-ms="34300" status="PASS">
          <reporter-output>
          </reporter-output>
        </test-method> <!-- Facebook -->
        <test-method signature="Zomato()[pri:0, instance:basic.execution@368247b9]" started-at="2023-12-04T10:51:50 IST" name="Zomato" finished-at="2023-12-04T10:51:54 IST" duration-ms="4394" status="PASS">
          <reporter-output>
          </reporter-output>
        </test-method> <!-- Zomato -->
        <test-method signature="swiggy()[pri:0, instance:basic.execution@368247b9]" started-at="2023-12-04T10:51:54 IST" name="swiggy" finished-at="2023-12-04T10:51:58 IST" duration-ms="4015" status="PASS">
          <reporter-output>
          </reporter-output>
        </test-method> <!-- swiggy -->
      </class> <!-- basic.execution -->
    </test> <!-- Default test -->
  </suite> <!-- Default suite -->
</testng-results>
